0 info it worked if it ends with ok
1 verbose cli [ '/usr/local/bin/node', '/usr/local/bin/npm', 'start' ]
2 info using npm@4.1.2
3 info using node@v7.7.3
4 verbose run-script [ 'prestart', 'start', 'poststart' ]
5 info lifecycle node-token-authentication@~prestart: node-token-authentication@
6 silly lifecycle node-token-authentication@~prestart: no script for prestart, continuing
7 info lifecycle node-token-authentication@~start: node-token-authentication@
8 verbose lifecycle node-token-authentication@~start: unsafe-perm in lifecycle true
9 verbose lifecycle node-token-authentication@~start: PATH: /usr/local/lib/node_modules/npm/bin/node-gyp-bin:/home/luis/git/mp-playout-api/node_modules/.bin:/home/luis/melted/20160823/bin/:/home/luis/melted/20160823/bin/:/usr/local/bin:/usr/bin:/bin:/usr/local/games:/usr/games
10 verbose lifecycle node-token-authentication@~start: CWD: /home/luis/git/mp-playout-api
11 silly lifecycle node-token-authentication@~start: Args: [ '-c', 'node server.js' ]
12 silly lifecycle node-token-authentication@~start: Returned: code: 1  signal: null
13 info lifecycle node-token-authentication@~start: Failed to exec start script
14 verbose stack Error: node-token-authentication@ start: `node server.js`
14 verbose stack Exit status 1
14 verbose stack     at EventEmitter.<anonymous> (/usr/local/lib/node_modules/npm/lib/utils/lifecycle.js:279:16)
14 verbose stack     at emitTwo (events.js:106:13)
14 verbose stack     at EventEmitter.emit (events.js:194:7)
14 verbose stack     at ChildProcess.<anonymous> (/usr/local/lib/node_modules/npm/lib/utils/spawn.js:40:14)
14 verbose stack     at emitTwo (events.js:106:13)
14 verbose stack     at ChildProcess.emit (events.js:194:7)
14 verbose stack     at maybeClose (internal/child_process.js:899:16)
14 verbose stack     at Process.ChildProcess._handle.onexit (internal/child_process.js:226:5)
15 verbose pkgid node-token-authentication@
16 verbose cwd /home/luis/git/mp-playout-api
17 error Linux 3.16.0-4-amd64
18 error argv "/usr/local/bin/node" "/usr/local/bin/npm" "start"
19 error node v7.7.3
20 error npm  v4.1.2
21 error code ELIFECYCLE
22 error node-token-authentication@ start: `node server.js`
22 error Exit status 1
23 error Failed at the node-token-authentication@ start script 'node server.js'.
23 error Make sure you have the latest version of node.js and npm installed.
23 error If you do, this is most likely a problem with the node-token-authentication package,
23 error not with npm itself.
23 error Tell the author that this fails on your system:
23 error     node server.js
23 error You can get information on how to open an issue for this project with:
23 error     npm bugs node-token-authentication
23 error Or if that isn't available, you can get their info via:
23 error     npm owner ls node-token-authentication
23 error There is likely additional logging output above.
24 verbose exit [ 1, true ]
